2022-02-03 10:56:22,031 INFO com.jachai.map.MapApplication [main] Starting MapApplication v0.0.1-SNAPSHOT using Java 1.8.0_282 on Mohsins-MacBook-Pro.local with PID 82865 (/Users/mk/Desktop/JaChai/workspace/jachai-map/target/jachai-map-0.0.1-SNAPSHOT.jar started by mk in /Users/mk/Desktop/JaChai/workspace/jachai-map)
2022-02-03 10:56:22,040 INFO com.jachai.map.MapApplication [main] No active profile set, falling back to default profiles: default
2022-02-03 10:56:24,698 INFO org.springframework.data.repository.config.RepositoryConfigurationDelegate [main] Bootstrapping Spring Data MongoDB repositories in DEFAULT mode.
2022-02-03 10:56:24,846 INFO org.springframework.data.repository.config.RepositoryConfigurationDelegate [main] Finished Spring Data repository scanning in 139 ms. Found 1 MongoDB repository interfaces.
2022-02-03 10:56:25,932 INFO org.springframework.boot.web.embedded.tomcat.TomcatWebServer [main] Tomcat initialized with port(s): 8080 (http)
2022-02-03 10:56:25,945 INFO org.apache.catalina.core.StandardService [main] Starting service [Tomcat]
2022-02-03 10:56:25,946 INFO org.apache.catalina.core.StandardEngine [main] Starting Servlet engine: [Apache Tomcat/9.0.53]
2022-02-03 10:56:26,028 INFO org.apache.catalina.core.ContainerBase.[Tomcat].[localhost].[/] [main] Initializing Spring embedded WebApplicationContext
2022-02-03 10:56:26,030 INFO org.springframework.boot.web.servlet.context.ServletWebServerApplicationContext [main] Root WebApplicationContext: initialization completed in 3756 ms
2022-02-03 10:56:26,715 INFO org.mongodb.driver.cluster [main] Cluster created with settings {hosts=[localhost:27017], mode=SINGLE, requiredClusterType=UNKNOWN, serverSelectionTimeout='30000 ms'}
2022-02-03 10:56:26,984 INFO org.mongodb.driver.cluster [cluster-ClusterId{value='61fb607ae7191549595738de', description='null'}-localhost:27017] Exception in monitor thread while connecting to server localhost:27017
com.mongodb.MongoSocketOpenException: Exception opening socket
	at com.mongodb.internal.connection.SocketStream.open(SocketStream.java:70)
	at com.mongodb.internal.connection.InternalStreamConnection.open(InternalStreamConnection.java:143)
	at com.mongodb.internal.connection.DefaultServerMonitor$ServerMonitorRunnable.lookupServerDescription(DefaultServerMonitor.java:188)
	at com.mongodb.internal.connection.DefaultServerMonitor$ServerMonitorRunnable.run(DefaultServerMonitor.java:144)
	at java.lang.Thread.run(Thread.java:748)
Caused by: java.net.ConnectException: Connection refused (Connection refused)
	at java.net.PlainSocketImpl.socketConnect(Native Method)
	at java.net.AbstractPlainSocketImpl.doConnect(AbstractPlainSocketImpl.java:350)
	at java.net.AbstractPlainSocketImpl.connectToAddress(AbstractPlainSocketImpl.java:206)
	at java.net.AbstractPlainSocketImpl.connect(AbstractPlainSocketImpl.java:188)
	at java.net.SocksSocketImpl.connect(SocksSocketImpl.java:392)
	at java.net.Socket.connect(Socket.java:607)
	at com.mongodb.internal.connection.SocketStreamHelper.initialize(SocketStreamHelper.java:107)
	at com.mongodb.internal.connection.SocketStream.initializeSocket(SocketStream.java:79)
	at com.mongodb.internal.connection.SocketStream.open(SocketStream.java:65)
	... 4 common frames omitted
2022-02-03 10:56:28,672 INFO org.springframework.boot.actuate.endpoint.web.EndpointLinksResolver [main] Exposing 1 endpoint(s) beneath base path '/actuator'
2022-02-03 10:56:29,445 INFO org.springframework.boot.web.embedded.tomcat.TomcatWebServer [main] Tomcat started on port(s): 8080 (http) with context path ''
2022-02-03 10:56:29,470 INFO springfox.documentation.spring.web.plugins.DocumentationPluginsBootstrapper [main] Context refreshed
2022-02-03 10:56:29,506 INFO springfox.documentation.spring.web.plugins.DocumentationPluginsBootstrapper [main] Found 1 custom documentation plugin(s)
2022-02-03 10:56:29,533 INFO springfox.documentation.spring.web.scanners.ApiListingReferenceScanner [main] Scanning for api listing references
2022-02-03 10:56:29,788 INFO com.jachai.map.MapApplication [main] Started MapApplication in 8.657 seconds (JVM running for 9.502)
